2021-08-02 18:03:30,878 INFO com.airbus.product.catelog.demo.Application [restartedMain] Starting Application using Java 15.0.2 on LIN80018798 with PID 2140 (C:\Users\m12\Documents\FullStack_SpringBoot\catelog.demo\target\classes started by m12 in C:\Users\m12\Documents\FullStack_SpringBoot\catelog.demo)
2021-08-02 18:03:30,882 INFO com.airbus.product.catelog.demo.Application [restartedMain] No active profile set, falling back to default profiles: default
2021-08-02 18:03:30,958 INFO org.springframework.boot.devtools.env.DevToolsPropertyDefaultsPostProcessor [restartedMain] Devtools property defaults active! Set 'spring.devtools.add-properties' to 'false' to disable
2021-08-02 18:03:30,958 INFO org.springframework.boot.devtools.env.DevToolsPropertyDefaultsPostProcessor [restartedMain] For additional web related logging consider setting the 'logging.level.web' property to 'DEBUG'
2021-08-02 18:03:32,521 INFO org.springframework.data.repository.config.RepositoryConfigurationDelegate [restartedMain] Multiple Spring Data modules found, entering strict repository configuration mode!
2021-08-02 18:03:32,523 INFO org.springframework.data.repository.config.RepositoryConfigurationDelegate [restartedMain] Bootstrapping Spring Data MongoDB repositories in DEFAULT mode.
2021-08-02 18:03:32,598 INFO org.springframework.data.repository.config.RepositoryConfigurationDelegate [restartedMain] Finished Spring Data repository scanning in 70 ms. Found 2 MongoDB repository interfaces.
2021-08-02 18:03:33,646 INFO org.springframework.boot.web.embedded.tomcat.TomcatWebServer [restartedMain] Tomcat initialized with port(s): 8091 (http)
2021-08-02 18:03:33,659 INFO org.apache.catalina.core.StandardService [restartedMain] Starting service [Tomcat]
2021-08-02 18:03:33,660 INFO org.apache.catalina.core.StandardEngine [restartedMain] Starting Servlet engine: [Apache Tomcat/9.0.50]
2021-08-02 18:03:33,866 INFO org.apache.catalina.core.ContainerBase.[Tomcat].[localhost].[/] [restartedMain] Initializing Spring embedded WebApplicationContext
2021-08-02 18:03:33,866 INFO org.springframework.boot.web.servlet.context.ServletWebServerApplicationContext [restartedMain] Root WebApplicationContext: initialization completed in 2907 ms
2021-08-02 18:03:34,435 INFO org.mongodb.driver.cluster [restartedMain] Cluster created with settings {hosts=[localhost:27017], mode=SINGLE, requiredClusterType=UNKNOWN, serverSelectionTimeout='30000 ms'}
2021-08-02 18:03:34,530 INFO org.mongodb.driver.connection [cluster-rtt-ClusterId{value='6107e61e32c3fd1c0bd908db', description='null'}-localhost:27017] Opened connection [connectionId{localValue:1, serverValue:113}] to localhost:27017
2021-08-02 18:03:34,530 INFO org.mongodb.driver.connection [cluster-ClusterId{value='6107e61e32c3fd1c0bd908db', description='null'}-localhost:27017] Opened connection [connectionId{localValue:2, serverValue:112}] to localhost:27017
2021-08-02 18:03:34,531 INFO org.mongodb.driver.cluster [cluster-ClusterId{value='6107e61e32c3fd1c0bd908db', description='null'}-localhost:27017] Monitor thread successfully connected to server with description ServerDescription{address=localhost:27017, type=STANDALONE, state=CONNECTED, ok=true, minWireVersion=0, maxWireVersion=13, maxDocumentSize=16777216, logicalSessionTimeoutMinutes=30, roundTripTimeNanos=30855000}
2021-08-02 18:03:34,792 INFO org.springframework.boot.devtools.autoconfigure.OptionalLiveReloadServer [restartedMain] LiveReload server is running on port 35729
2021-08-02 18:03:36,137 INFO org.springframework.boot.actuate.endpoint.web.EndpointLinksResolver [restartedMain] Exposing 1 endpoint(s) beneath base path '/actuator'
2021-08-02 18:03:36,211 INFO springfox.documentation.spring.web.PropertySourcedRequestMappingHandlerMapping [restartedMain] Mapped URL path [/v2/api-docs] onto method [springfox.documentation.swagger2.web.Swagger2Controller#getDocumentation(String, HttpServletRequest)]
2021-08-02 18:03:37,840 INFO org.springframework.boot.web.embedded.tomcat.TomcatWebServer [restartedMain] Tomcat started on port(s): 8091 (http) with context path ''
2021-08-02 18:03:37,842 INFO springfox.documentation.spring.web.plugins.DocumentationPluginsBootstrapper [restartedMain] Context refreshed
2021-08-02 18:03:37,893 INFO springfox.documentation.spring.web.plugins.DocumentationPluginsBootstrapper [restartedMain] Found 1 custom documentation plugin(s)
2021-08-02 18:03:37,939 INFO springfox.documentation.spring.web.scanners.ApiListingReferenceScanner [restartedMain] Scanning for api listing references
2021-08-02 18:03:38,222 INFO springfox.documentation.spring.web.readers.operation.CachingOperationNameGenerator [restartedMain] Generating unique operation named: handleUsingGET_1
2021-08-02 18:03:38,368 INFO com.airbus.product.catelog.demo.Application [restartedMain] Started Application in 8.21 seconds (JVM running for 11.116)
2021-08-02 18:03:39,691 INFO org.apache.catalina.core.ContainerBase.[Tomcat].[localhost].[/] [RMI TCP Connection(3)-127.0.0.1] Initializing Spring DispatcherServlet 'dispatcherServlet'
2021-08-02 18:03:39,691 INFO org.springframework.web.servlet.DispatcherServlet [RMI TCP Connection(3)-127.0.0.1] Initializing Servlet 'dispatcherServlet'
2021-08-02 18:03:39,694 INFO org.springframework.web.servlet.DispatcherServlet [RMI TCP Connection(3)-127.0.0.1] Completed initialization in 2 ms
2021-08-02 18:03:56,908 INFO com.airbus.product.catelog.demo.interceptors.LoggerInterceptor [http-nio-8091-exec-1] Handling request started with request url: /swagger-ui.html
2021-08-02 18:03:56,910 INFO com.airbus.product.catelog.demo.interceptors.RequestProcessingTimeInterceptor [http-nio-8091-exec-1] Request URL::http://localhost:8091/swagger-ui.html:: Start Time=1627907636910
2021-08-02 18:03:56,927 INFO com.airbus.product.catelog.demo.interceptors.RequestProcessingTimeInterceptor [http-nio-8091-exec-1] Request URL::http://localhost:8091/swagger-ui.html Sent to Handler :: Current Time=1627907636927
2021-08-02 18:03:56,927 INFO com.airbus.product.catelog.demo.interceptors.RequestProcessingTimeInterceptor [http-nio-8091-exec-1] Request URL::http://localhost:8091/swagger-ui.html:: End Time=1627907636927
2021-08-02 18:03:56,928 INFO com.airbus.product.catelog.demo.interceptors.RequestProcessingTimeInterceptor [http-nio-8091-exec-1] Request URL::http://localhost:8091/swagger-ui.html:: Time Taken=19 ms
2021-08-02 18:03:57,029 INFO com.airbus.product.catelog.demo.interceptors.LoggerInterceptor [http-nio-8091-exec-2] Handling request started with request url: /webjars/springfox-swagger-ui/css/reset.css
2021-08-02 18:03:57,030 INFO com.airbus.product.catelog.demo.interceptors.RequestProcessingTimeInterceptor [http-nio-8091-exec-2] Request URL::http://localhost:8091/webjars/springfox-swagger-ui/css/reset.css:: Start Time=1627907637030
2021-08-02 18:03:57,031 INFO com.airbus.product.catelog.demo.interceptors.LoggerInterceptor [http-nio-8091-exec-3] Handling request started with request url: /webjars/springfox-swagger-ui/css/screen.css
2021-08-02 18:03:57,031 INFO com.airbus.product.catelog.demo.interceptors.RequestProcessingTimeInterceptor [http-nio-8091-exec-3] Request URL::http://localhost:8091/webjars/springfox-swagger-ui/css/screen.css:: Start Time=1627907637031
2021-08-02 18:03:57,035 INFO com.airbus.product.catelog.demo.interceptors.RequestProcessingTimeInterceptor [http-nio-8091-exec-2] Request URL::http://localhost:8091/webjars/springfox-swagger-ui/css/reset.css Sent to Handler :: Current Time=1627907637035
2021-08-02 18:03:57,036 INFO com.airbus.product.catelog.demo.interceptors.LoggerInterceptor [http-nio-8091-exec-6] Handling request started with request url: /webjars/springfox-swagger-ui/lib/jquery.slideto.min.js
2021-08-02 18:03:57,036 INFO com.airbus.product.catelog.demo.interceptors.RequestProcessingTimeInterceptor [http-nio-8091-exec-6] Request URL::http://localhost:8091/webjars/springfox-swagger-ui/lib/jquery.slideto.min.js:: Start Time=1627907637036
2021-08-02 18:03:57,036 INFO com.airbus.product.catelog.demo.interceptors.LoggerInterceptor [http-nio-8091-exec-7] Handling request started with request url: /webjars/springfox-swagger-ui/lib/jquery.wiggle.min.js
2021-08-02 18:03:57,036 INFO com.airbus.product.catelog.demo.interceptors.LoggerInterceptor [http-nio-8091-exec-4] Handling request started with request url: /webjars/springfox-swagger-ui/lib/object-assign-pollyfill.js
2021-08-02 18:03:57,036 INFO com.airbus.product.catelog.demo.interceptors.RequestProcessingTimeInterceptor [http-nio-8091-exec-2] Request URL::http://localhost:8091/webjars/springfox-swagger-ui/css/reset.css:: End Time=1627907637036
2021-08-02 18:03:57,036 INFO com.airbus.product.catelog.demo.interceptors.RequestProcessingTimeInterceptor [http-nio-8091-exec-7] Request URL::http://localhost:8091/webjars/springfox-swagger-ui/lib/jquery.wiggle.min.js:: Start Time=1627907637036
2021-08-02 18:03:57,041 INFO com.airbus.product.catelog.demo.interceptors.RequestProcessingTimeInterceptor [http-nio-8091-exec-3] Request URL::http://localhost:8091/webjars/springfox-swagger-ui/css/screen.css Sent to Handler :: Current Time=1627907637041
2021-08-02 18:03:57,042 INFO com.airbus.product.catelog.demo.interceptors.RequestProcessingTimeInterceptor [http-nio-8091-exec-3] Request URL::http://localhost:8091/webjars/springfox-swagger-ui/css/screen.css:: End Time=1627907637042
2021-08-02 18:03:57,042 INFO com.airbus.product.catelog.demo.interceptors.RequestProcessingTimeInterceptor [http-nio-8091-exec-3] Request URL::http://localhost:8091/webjars/springfox-swagger-ui/css/screen.css:: Time Taken=11 ms
2021-08-02 18:03:57,043 INFO com.airbus.product.catelog.demo.interceptors.RequestProcessingTimeInterceptor [http-nio-8091-exec-6] Request URL::http://localhost:8091/webjars/springfox-swagger-ui/lib/jquery.slideto.min.js Sent to Handler :: Current Time=1627907637043
2021-08-02 18:03:57,043 INFO com.airbus.product.catelog.demo.interceptors.RequestProcessingTimeInterceptor [http-nio-8091-exec-6] Request URL::http://localhost:8091/webjars/springfox-swagger-ui/lib/jquery.slideto.min.js:: End Time=1627907637043
2021-08-02 18:03:57,043 INFO com.airbus.product.catelog.demo.interceptors.RequestProcessingTimeInterceptor [http-nio-8091-exec-7] Request URL::http://localhost:8091/webjars/springfox-swagger-ui/lib/jquery.wiggle.min.js Sent to Handler :: Current Time=1627907637043
2021-08-02 18:03:57,043 INFO com.airbus.product.catelog.demo.interceptors.RequestProcessingTimeInterceptor [http-nio-8091-exec-6] Request URL::http://localhost:8091/webjars/springfox-swagger-ui/lib/jquery.slideto.min.js:: Time Taken=7 ms
2021-08-02 18:03:57,043 INFO com.airbus.product.catelog.demo.interceptors.RequestProcessingTimeInterceptor [http-nio-8091-exec-7] Request URL::http://localhost:8091/webjars/springfox-swagger-ui/lib/jquery.wiggle.min.js:: End Time=1627907637043
2021-08-02 18:03:57,043 INFO com.airbus.product.catelog.demo.interceptors.RequestProcessingTimeInterceptor [http-nio-8091-exec-7] Request URL::http://localhost:8091/webjars/springfox-swagger-ui/lib/jquery.wiggle.min.js:: Time Taken=7 ms
2021-08-02 18:03:57,036 INFO com.airbus.product.catelog.demo.interceptors.LoggerInterceptor [http-nio-8091-exec-5] Handling request started with request url: /webjars/springfox-swagger-ui/lib/jquery-1.8.0.min.js
2021-08-02 18:03:57,037 INFO com.airbus.product.catelog.demo.interceptors.RequestProcessingTimeInterceptor [http-nio-8091-exec-2] Request URL::http://localhost:8091/webjars/springfox-swagger-ui/css/reset.css:: Time Taken=7 ms
2021-08-02 18:03:57,037 INFO com.airbus.product.catelog.demo.interceptors.RequestProcessingTimeInterceptor [http-nio-8091-exec-4] Request URL::http://localhost:8091/webjars/springfox-swagger-ui/lib/object-assign-pollyfill.js:: Start Time=1627907637037
2021-08-02 18:03:57,044 INFO com.airbus.product.catelog.demo.interceptors.RequestProcessingTimeInterceptor [http-nio-8091-exec-5] Request URL::http://localhost:8091/webjars/springfox-swagger-ui/lib/jquery-1.8.0.min.js:: Start Time=1627907637044
2021-08-02 18:03:57,052 INFO com.airbus.product.catelog.demo.interceptors.RequestProcessingTimeInterceptor [http-nio-8091-exec-4] Request URL::http://localhost:8091/webjars/springfox-swagger-ui/lib/object-assign-pollyfill.js Sent to Handler :: Current Time=1627907637052
2021-08-02 18:03:57,052 INFO com.airbus.product.catelog.demo.interceptors.RequestProcessingTimeInterceptor [http-nio-8091-exec-4] Request URL::http://localhost:8091/webjars/springfox-swagger-ui/lib/object-assign-pollyfill.js:: End Time=1627907637052
2021-08-02 18:03:57,052 INFO com.airbus.product.catelog.demo.interceptors.RequestProcessingTimeInterceptor [http-nio-8091-exec-4] Request URL::http://localhost:8091/webjars/springfox-swagger-ui/lib/object-assign-pollyfill.js:: Time Taken=15 ms
2021-08-02 18:03:57,062 INFO com.airbus.product.catelog.demo.interceptors.RequestProcessingTimeInterceptor [http-nio-8091-exec-5] Request URL::http://localhost:8091/webjars/springfox-swagger-ui/lib/jquery-1.8.0.min.js Sent to Handler :: Current Time=1627907637062
2021-08-02 18:03:57,063 INFO com.airbus.product.catelog.demo.interceptors.RequestProcessingTimeInterceptor [http-nio-8091-exec-5] Request URL::http://localhost:8091/webjars/springfox-swagger-ui/lib/jquery-1.8.0.min.js:: End Time=1627907637063
2021-08-02 18:03:57,063 INFO com.airbus.product.catelog.demo.interceptors.RequestProcessingTimeInterceptor [http-nio-8091-exec-5] Request URL::http://localhost:8091/webjars/springfox-swagger-ui/lib/jquery-1.8.0.min.js:: Time Taken=19 ms
2021-08-02 18:03:57,066 INFO com.airbus.product.catelog.demo.interceptors.LoggerInterceptor [http-nio-8091-exec-8] Handling request started with request url: /webjars/springfox-swagger-ui/css/typography.css
2021-08-02 18:03:57,066 INFO com.airbus.product.catelog.demo.interceptors.RequestProcessingTimeInterceptor [http-nio-8091-exec-8] Request URL::http://localhost:8091/webjars/springfox-swagger-ui/css/typography.css:: Start Time=1627907637066
2021-08-02 18:03:57,069 INFO com.airbus.product.catelog.demo.interceptors.RequestProcessingTimeInterceptor [http-nio-8091-exec-8] Request URL::http://localhost:8091/webjars/springfox-swagger-ui/css/typography.css Sent to Handler :: Current Time=1627907637069
2021-08-02 18:03:57,069 INFO com.airbus.product.catelog.demo.interceptors.RequestProcessingTimeInterceptor [http-nio-8091-exec-8] Request URL::http://localhost:8091/webjars/springfox-swagger-ui/css/typography.css:: End Time=1627907637069
2021-08-02 18:03:57,069 INFO com.airbus.product.catelog.demo.interceptors.RequestProcessingTimeInterceptor [http-nio-8091-exec-8] Request URL::http://localhost:8091/webjars/springfox-swagger-ui/css/typography.css:: Time Taken=3 ms
2021-08-02 18:03:57,070 INFO com.airbus.product.catelog.demo.interceptors.LoggerInterceptor [http-nio-8091-exec-10] Handling request started with request url: /webjars/springfox-swagger-ui/lib/handlebars-4.0.5.js
2021-08-02 18:03:57,070 INFO com.airbus.product.catelog.demo.interceptors.RequestProcessingTimeInterceptor [http-nio-8091-exec-10] Request URL::http://localhost:8091/webjars/springfox-swagger-ui/lib/handlebars-4.0.5.js:: Start Time=1627907637070
2021-08-02 18:03:57,071 INFO com.airbus.product.catelog.demo.interceptors.LoggerInterceptor [http-nio-8091-exec-9] Handling request started with request url: /webjars/springfox-swagger-ui/lib/jquery.ba-bbq.min.js
2021-08-02 18:03:57,072 INFO com.airbus.product.catelog.demo.interceptors.RequestProcessingTimeInterceptor [http-nio-8091-exec-9] Request URL::http://localhost:8091/webjars/springfox-swagger-ui/lib/jquery.ba-bbq.min.js:: Start Time=1627907637071
2021-08-02 18:03:57,073 INFO com.airbus.product.catelog.demo.interceptors.LoggerInterceptor [http-nio-8091-exec-1] Handling request started with request url: /webjars/springfox-swagger-ui/lib/lodash.min.js
2021-08-02 18:03:57,073 INFO com.airbus.product.catelog.demo.interceptors.LoggerInterceptor [http-nio-8091-exec-3] Handling request started with request url: /webjars/springfox-swagger-ui/lib/backbone-min.js
2021-08-02 18:03:57,074 INFO com.airbus.product.catelog.demo.interceptors.RequestProcessingTimeInterceptor [http-nio-8091-exec-1] Request URL::http://localhost:8091/webjars/springfox-swagger-ui/lib/lodash.min.js:: Start Time=1627907637074
2021-08-02 18:03:57,074 INFO com.airbus.product.catelog.demo.interceptors.RequestProcessingTimeInterceptor [http-nio-8091-exec-3] Request URL::http://localhost:8091/webjars/springfox-swagger-ui/lib/backbone-min.js:: Start Time=1627907637074
2021-08-02 18:03:57,075 INFO com.airbus.product.catelog.demo.interceptors.LoggerInterceptor [http-nio-8091-exec-7] Handling request started with request url: /webjars/springfox-swagger-ui/swagger-ui.min.js
2021-08-02 18:03:57,076 INFO com.airbus.product.catelog.demo.interceptors.RequestProcessingTimeInterceptor [http-nio-8091-exec-7] Request URL::http://localhost:8091/webjars/springfox-swagger-ui/swagger-ui.min.js:: Start Time=1627907637076
2021-08-02 18:03:57,080 INFO com.airbus.product.catelog.demo.interceptors.RequestProcessingTimeInterceptor [http-nio-8091-exec-3] Request URL::http://localhost:8091/webjars/springfox-swagger-ui/lib/backbone-min.js Sent to Handler :: Current Time=1627907637080
2021-08-02 18:03:57,081 INFO com.airbus.product.catelog.demo.interceptors.RequestProcessingTimeInterceptor [http-nio-8091-exec-3] Request URL::http://localhost:8091/webjars/springfox-swagger-ui/lib/backbone-min.js:: End Time=1627907637080
2021-08-02 18:03:57,092 INFO com.airbus.product.catelog.demo.interceptors.RequestProcessingTimeInterceptor [http-nio-8091-exec-3] Request URL::http://localhost:8091/webjars/springfox-swagger-ui/lib/backbone-min.js:: Time Taken=18 ms
2021-08-02 18:03:57,084 INFO com.airbus.product.catelog.demo.interceptors.RequestProcessingTimeInterceptor [http-nio-8091-exec-10] Request URL::http://localhost:8091/webjars/springfox-swagger-ui/lib/handlebars-4.0.5.js Sent to Handler :: Current Time=1627907637084
2021-08-02 18:03:57,095 INFO com.airbus.product.catelog.demo.interceptors.LoggerInterceptor [http-nio-8091-exec-3] Handling request started with request url: /webjars/springfox-swagger-ui/lib/highlight.9.1.0.pack.js
2021-08-02 18:03:57,096 INFO com.airbus.product.catelog.demo.interceptors.RequestProcessingTimeInterceptor [http-nio-8091-exec-3] Request URL::http://localhost:8091/webjars/springfox-swagger-ui/lib/highlight.9.1.0.pack.js:: Start Time=1627907637096
2021-08-02 18:03:57,089 INFO com.airbus.product.catelog.demo.interceptors.LoggerInterceptor [http-nio-8091-exec-8] Handling request started with request url: /error
2021-08-02 18:03:57,098 INFO com.airbus.product.catelog.demo.interceptors.RequestProcessingTimeInterceptor [http-nio-8091-exec-8] Request URL::http://localhost:8091/error:: Start Time=1627907637098
2021-08-02 18:03:57,100 INFO com.airbus.product.catelog.demo.interceptors.RequestProcessingTimeInterceptor [http-nio-8091-exec-7] Request URL::http://localhost:8091/webjars/springfox-swagger-ui/swagger-ui.min.js Sent to Handler :: Current Time=1627907637100
2021-08-02 18:03:57,101 INFO com.airbus.product.catelog.demo.interceptors.RequestProcessingTimeInterceptor [http-nio-8091-exec-7] Request URL::http://localhost:8091/webjars/springfox-swagger-ui/swagger-ui.min.js:: End Time=1627907637101
2021-08-02 18:03:57,101 INFO com.airbus.product.catelog.demo.interceptors.RequestProcessingTimeInterceptor [http-nio-8091-exec-3] Request URL::http://localhost:8091/webjars/springfox-swagger-ui/lib/highlight.9.1.0.pack.js Sent to Handler :: Current Time=1627907637101
2021-08-02 18:03:57,101 INFO com.airbus.product.catelog.demo.interceptors.RequestProcessingTimeInterceptor [http-nio-8091-exec-7] Request URL::http://localhost:8091/webjars/springfox-swagger-ui/swagger-ui.min.js:: Time Taken=25 ms
2021-08-02 18:03:57,102 INFO com.airbus.product.catelog.demo.interceptors.RequestProcessingTimeInterceptor [http-nio-8091-exec-3] Request URL::http://localhost:8091/webjars/springfox-swagger-ui/lib/highlight.9.1.0.pack.js:: End Time=1627907637102
2021-08-02 18:03:57,103 INFO com.airbus.product.catelog.demo.interceptors.RequestProcessingTimeInterceptor [http-nio-8091-exec-3] Request URL::http://localhost:8091/webjars/springfox-swagger-ui/lib/highlight.9.1.0.pack.js:: Time Taken=7 ms
2021-08-02 18:03:57,106 INFO com.airbus.product.catelog.demo.interceptors.LoggerInterceptor [http-nio-8091-exec-7] Handling request started with request url: /webjars/springfox-swagger-ui/lib/swagger-oauth.js
2021-08-02 18:03:57,107 INFO com.airbus.product.catelog.demo.interceptors.RequestProcessingTimeInterceptor [http-nio-8091-exec-7] Request URL::http://localhost:8091/webjars/springfox-swagger-ui/lib/swagger-oauth.js:: Start Time=1627907637107
2021-08-02 18:03:57,096 INFO com.airbus.product.catelog.demo.interceptors.RequestProcessingTimeInterceptor [http-nio-8091-exec-10] Request URL::http://localhost:8091/webjars/springfox-swagger-ui/lib/handlebars-4.0.5.js:: End Time=1627907637096
2021-08-02 18:03:57,116 INFO com.airbus.product.catelog.demo.interceptors.RequestProcessingTimeInterceptor [http-nio-8091-exec-10] Request URL::http://localhost:8091/webjars/springfox-swagger-ui/lib/handlebars-4.0.5.js:: Time Taken=46 ms
2021-08-02 18:03:57,088 INFO com.airbus.product.catelog.demo.interceptors.RequestProcessingTimeInterceptor [http-nio-8091-exec-9] Request URL::http://localhost:8091/webjars/springfox-swagger-ui/lib/jquery.ba-bbq.min.js Sent to Handler :: Current Time=1627907637088
2021-08-02 18:03:57,118 INFO com.airbus.product.catelog.demo.interceptors.RequestProcessingTimeInterceptor [http-nio-8091-exec-7] Request URL::http://localhost:8091/webjars/springfox-swagger-ui/lib/swagger-oauth.js Sent to Handler :: Current Time=1627907637118
2021-08-02 18:03:57,118 INFO com.airbus.product.catelog.demo.interceptors.RequestProcessingTimeInterceptor [http-nio-8091-exec-7] Request URL::http://localhost:8091/webjars/springfox-swagger-ui/lib/swagger-oauth.js:: End Time=1627907637118
2021-08-02 18:03:57,118 INFO com.airbus.product.catelog.demo.interceptors.RequestProcessingTimeInterceptor [http-nio-8091-exec-7] Request URL::http://localhost:8091/webjars/springfox-swagger-ui/lib/swagger-oauth.js:: Time Taken=11 ms
2021-08-02 18:03:57,119 INFO com.airbus.product.catelog.demo.interceptors.LoggerInterceptor [http-nio-8091-exec-10] Handling request started with request url: /webjars/springfox-swagger-ui/lib/jsoneditor.min.js
2021-08-02 18:03:57,091 INFO com.airbus.product.catelog.demo.interceptors.RequestProcessingTimeInterceptor [http-nio-8091-exec-1] Request URL::http://localhost:8091/webjars/springfox-swagger-ui/lib/lodash.min.js Sent to Handler :: Current Time=1627907637090
2021-08-02 18:03:57,117 INFO com.airbus.product.catelog.demo.interceptors.RequestProcessingTimeInterceptor [http-nio-8091-exec-9] Request URL::http://localhost:8091/webjars/springfox-swagger-ui/lib/jquery.ba-bbq.min.js:: End Time=1627907637117
2021-08-02 18:03:57,120 INFO com.airbus.product.catelog.demo.interceptors.RequestProcessingTimeInterceptor [http-nio-8091-exec-10] Request URL::http://localhost:8091/webjars/springfox-swagger-ui/lib/jsoneditor.min.js:: Start Time=1627907637120
2021-08-02 18:03:57,121 INFO com.airbus.product.catelog.demo.interceptors.RequestProcessingTimeInterceptor [http-nio-8091-exec-9] Request URL::http://localhost:8091/webjars/springfox-swagger-ui/lib/jquery.ba-bbq.min.js:: Time Taken=50 ms
2021-08-02 18:03:57,122 INFO com.airbus.product.catelog.demo.interceptors.LoggerInterceptor [http-nio-8091-exec-6] Handling request started with request url: /webjars/springfox-swagger-ui/springfox.js
2021-08-02 18:03:57,130 INFO com.airbus.product.catelog.demo.interceptors.RequestProcessingTimeInterceptor [http-nio-8091-exec-6] Request URL::http://localhost:8091/webjars/springfox-swagger-ui/springfox.js:: Start Time=1627907637130
2021-08-02 18:03:57,121 INFO com.airbus.product.catelog.demo.interceptors.RequestProcessingTimeInterceptor [http-nio-8091-exec-1] Request URL::http://localhost:8091/webjars/springfox-swagger-ui/lib/lodash.min.js:: End Time=1627907637121
2021-08-02 18:03:57,131 INFO com.airbus.product.catelog.demo.interceptors.RequestProcessingTimeInterceptor [http-nio-8091-exec-1] Request URL::http://localhost:8091/webjars/springfox-swagger-ui/lib/lodash.min.js:: Time Taken=58 ms
2021-08-02 18:03:57,134 INFO com.airbus.product.catelog.demo.interceptors.LoggerInterceptor [http-nio-8091-exec-1] Handling request started with request url: /webjars/springfox-swagger-ui/lib/marked.js
2021-08-02 18:03:57,134 INFO com.airbus.product.catelog.demo.interceptors.LoggerInterceptor [http-nio-8091-exec-9] Handling request started with request url: /webjars/springfox-swagger-ui/lib/highlight.9.1.0.pack_extended.js
2021-08-02 18:03:57,135 INFO com.airbus.product.catelog.demo.interceptors.RequestProcessingTimeInterceptor [http-nio-8091-exec-9] Request URL::http://localhost:8091/webjars/springfox-swagger-ui/lib/highlight.9.1.0.pack_extended.js:: Start Time=1627907637135
2021-08-02 18:03:57,135 INFO com.airbus.product.catelog.demo.interceptors.RequestProcessingTimeInterceptor [http-nio-8091-exec-1] Request URL::http://localhost:8091/webjars/springfox-swagger-ui/lib/marked.js:: Start Time=1627907637135
2021-08-02 18:03:57,143 INFO com.airbus.product.catelog.demo.interceptors.RequestProcessingTimeInterceptor [http-nio-8091-exec-6] Request URL::http://localhost:8091/webjars/springfox-swagger-ui/springfox.js Sent to Handler :: Current Time=1627907637143
2021-08-02 18:03:57,144 INFO com.airbus.product.catelog.demo.interceptors.RequestProcessingTimeInterceptor [http-nio-8091-exec-6] Request URL::http://localhost:8091/webjars/springfox-swagger-ui/springfox.js:: End Time=1627907637144
2021-08-02 18:03:57,145 INFO com.airbus.product.catelog.demo.interceptors.RequestProcessingTimeInterceptor [http-nio-8091-exec-6] Request URL::http://localhost:8091/webjars/springfox-swagger-ui/springfox.js:: Time Taken=14 ms
2021-08-02 18:03:57,150 INFO com.airbus.product.catelog.demo.interceptors.RequestProcessingTimeInterceptor [http-nio-8091-exec-10] Request URL::http://localhost:8091/webjars/springfox-swagger-ui/lib/jsoneditor.min.js Sent to Handler :: Current Time=1627907637150
2021-08-02 18:03:57,151 INFO com.airbus.product.catelog.demo.interceptors.RequestProcessingTimeInterceptor [http-nio-8091-exec-10] Request URL::http://localhost:8091/webjars/springfox-swagger-ui/lib/jsoneditor.min.js:: End Time=1627907637151
2021-08-02 18:03:57,151 INFO com.airbus.product.catelog.demo.interceptors.RequestProcessingTimeInterceptor [http-nio-8091-exec-10] Request URL::http://localhost:8091/webjars/springfox-swagger-ui/lib/jsoneditor.min.js:: Time Taken=31 ms
2021-08-02 18:03:57,154 INFO com.airbus.product.catelog.demo.interceptors.RequestProcessingTimeInterceptor [http-nio-8091-exec-9] Request URL::http://localhost:8091/webjars/springfox-swagger-ui/lib/highlight.9.1.0.pack_extended.js Sent to Handler :: Current Time=1627907637154
2021-08-02 18:03:57,154 INFO com.airbus.product.catelog.demo.interceptors.RequestProcessingTimeInterceptor [http-nio-8091-exec-9] Request URL::http://localhost:8091/webjars/springfox-swagger-ui/lib/highlight.9.1.0.pack_extended.js:: End Time=1627907637154
2021-08-02 18:03:57,154 INFO com.airbus.product.catelog.demo.interceptors.RequestProcessingTimeInterceptor [http-nio-8091-exec-9] Request URL::http://localhost:8091/webjars/springfox-swagger-ui/lib/highlight.9.1.0.pack_extended.js:: Time Taken=19 ms
2021-08-02 18:03:57,157 INFO com.airbus.product.catelog.demo.interceptors.RequestProcessingTimeInterceptor [http-nio-8091-exec-1] Request URL::http://localhost:8091/webjars/springfox-swagger-ui/lib/marked.js Sent to Handler :: Current Time=1627907637157
2021-08-02 18:03:57,158 INFO com.airbus.product.catelog.demo.interceptors.RequestProcessingTimeInterceptor [http-nio-8091-exec-1] Request URL::http://localhost:8091/webjars/springfox-swagger-ui/lib/marked.js:: End Time=1627907637158
2021-08-02 18:03:57,159 INFO com.airbus.product.catelog.demo.interceptors.RequestProcessingTimeInterceptor [http-nio-8091-exec-1] Request URL::http://localhost:8091/webjars/springfox-swagger-ui/lib/marked.js:: Time Taken=24 ms
2021-08-02 18:03:57,198 INFO com.airbus.product.catelog.demo.interceptors.LoggerInterceptor [http-nio-8091-exec-2] Handling request started with request url: /webjars/springfox-swagger-ui/images/logo_small.png
2021-08-02 18:03:57,199 INFO com.airbus.product.catelog.demo.interceptors.RequestProcessingTimeInterceptor [http-nio-8091-exec-2] Request URL::http://localhost:8091/webjars/springfox-swagger-ui/images/logo_small.png:: Start Time=1627907637199
2021-08-02 18:03:57,204 INFO com.airbus.product.catelog.demo.interceptors.RequestProcessingTimeInterceptor [http-nio-8091-exec-2] Request URL::http://localhost:8091/webjars/springfox-swagger-ui/images/logo_small.png Sent to Handler :: Current Time=1627907637204
2021-08-02 18:03:57,205 INFO com.airbus.product.catelog.demo.interceptors.RequestProcessingTimeInterceptor [http-nio-8091-exec-2] Request URL::http://localhost:8091/webjars/springfox-swagger-ui/images/logo_small.png:: End Time=1627907637205
2021-08-02 18:03:57,206 INFO com.airbus.product.catelog.demo.interceptors.RequestProcessingTimeInterceptor [http-nio-8091-exec-2] Request URL::http://localhost:8091/webjars/springfox-swagger-ui/images/logo_small.png:: Time Taken=8 ms
2021-08-02 18:03:57,216 INFO com.airbus.product.catelog.demo.interceptors.RequestProcessingTimeInterceptor [http-nio-8091-exec-8] Request URL::http://localhost:8091/error Sent to Handler :: Current Time=1627907637216
2021-08-02 18:03:57,216 INFO com.airbus.product.catelog.demo.interceptors.RequestProcessingTimeInterceptor [http-nio-8091-exec-8] Request URL::http://localhost:8091/error:: End Time=1627907637216
2021-08-02 18:03:57,216 INFO com.airbus.product.catelog.demo.interceptors.RequestProcessingTimeInterceptor [http-nio-8091-exec-8] Request URL::http://localhost:8091/error:: Time Taken=118 ms
2021-08-02 18:03:57,228 INFO com.airbus.product.catelog.demo.interceptors.LoggerInterceptor [http-nio-8091-exec-4] Handling request started with request url: /webjars/springfox-swagger-ui/css/print.css
2021-08-02 18:03:57,229 INFO com.airbus.product.catelog.demo.interceptors.RequestProcessingTimeInterceptor [http-nio-8091-exec-4] Request URL::http://localhost:8091/webjars/springfox-swagger-ui/css/print.css:: Start Time=1627907637229
2021-08-02 18:03:57,234 INFO com.airbus.product.catelog.demo.interceptors.RequestProcessingTimeInterceptor [http-nio-8091-exec-4] Request URL::http://localhost:8091/webjars/springfox-swagger-ui/css/print.css Sent to Handler :: Current Time=1627907637234
2021-08-02 18:03:57,235 INFO com.airbus.product.catelog.demo.interceptors.RequestProcessingTimeInterceptor [http-nio-8091-exec-4] Request URL::http://localhost:8091/webjars/springfox-swagger-ui/css/print.css:: End Time=1627907637235
2021-08-02 18:03:57,235 INFO com.airbus.product.catelog.demo.interceptors.RequestProcessingTimeInterceptor [http-nio-8091-exec-4] Request URL::http://localhost:8091/webjars/springfox-swagger-ui/css/print.css:: Time Taken=6 ms
2021-08-02 18:03:57,463 INFO com.airbus.product.catelog.demo.interceptors.LoggerInterceptor [http-nio-8091-exec-5] Handling request started with request url: /swagger-resources/configuration/ui
2021-08-02 18:03:57,463 INFO com.airbus.product.catelog.demo.interceptors.RequestProcessingTimeInterceptor [http-nio-8091-exec-5] Request URL::http://localhost:8091/swagger-resources/configuration/ui:: Start Time=1627907637463
2021-08-02 18:03:57,491 INFO com.airbus.product.catelog.demo.interceptors.RequestProcessingTimeInterceptor [http-nio-8091-exec-5] Request URL::http://localhost:8091/swagger-resources/configuration/ui Sent to Handler :: Current Time=1627907637491
2021-08-02 18:03:57,492 INFO com.airbus.product.catelog.demo.interceptors.RequestProcessingTimeInterceptor [http-nio-8091-exec-5] Request URL::http://localhost:8091/swagger-resources/configuration/ui:: End Time=1627907637492
2021-08-02 18:03:57,492 INFO com.airbus.product.catelog.demo.interceptors.RequestProcessingTimeInterceptor [http-nio-8091-exec-5] Request URL::http://localhost:8091/swagger-resources/configuration/ui:: Time Taken=29 ms
2021-08-02 18:03:57,549 INFO com.airbus.product.catelog.demo.interceptors.LoggerInterceptor [http-nio-8091-exec-3] Handling request started with request url: /swagger-resources
2021-08-02 18:03:57,549 INFO com.airbus.product.catelog.demo.interceptors.RequestProcessingTimeInterceptor [http-nio-8091-exec-3] Request URL::http://localhost:8091/swagger-resources:: Start Time=1627907637549
2021-08-02 18:03:57,554 INFO com.airbus.product.catelog.demo.interceptors.RequestProcessingTimeInterceptor [http-nio-8091-exec-3] Request URL::http://localhost:8091/swagger-resources Sent to Handler :: Current Time=1627907637554
2021-08-02 18:03:57,554 INFO com.airbus.product.catelog.demo.interceptors.RequestProcessingTimeInterceptor [http-nio-8091-exec-3] Request URL::http://localhost:8091/swagger-resources:: End Time=1627907637554
2021-08-02 18:03:57,554 INFO com.airbus.product.catelog.demo.interceptors.RequestProcessingTimeInterceptor [http-nio-8091-exec-3] Request URL::http://localhost:8091/swagger-resources:: Time Taken=5 ms
2021-08-02 18:03:58,106 INFO com.airbus.product.catelog.demo.interceptors.LoggerInterceptor [http-nio-8091-exec-6] Handling request started with request url: /swagger-resources/configuration/security
2021-08-02 18:03:58,108 INFO com.airbus.product.catelog.demo.interceptors.RequestProcessingTimeInterceptor [http-nio-8091-exec-6] Request URL::http://localhost:8091/swagger-resources/configuration/security:: Start Time=1627907638107
2021-08-02 18:03:58,132 INFO com.airbus.product.catelog.demo.interceptors.RequestProcessingTimeInterceptor [http-nio-8091-exec-6] Request URL::http://localhost:8091/swagger-resources/configuration/security Sent to Handler :: Current Time=1627907638132
2021-08-02 18:03:58,134 INFO com.airbus.product.catelog.demo.interceptors.RequestProcessingTimeInterceptor [http-nio-8091-exec-6] Request URL::http://localhost:8091/swagger-resources/configuration/security:: End Time=1627907638134
2021-08-02 18:03:58,135 INFO com.airbus.product.catelog.demo.interceptors.RequestProcessingTimeInterceptor [http-nio-8091-exec-6] Request URL::http://localhost:8091/swagger-resources/configuration/security:: Time Taken=28 ms
2021-08-02 18:04:35,000 INFO com.airbus.product.catelog.demo.interceptors.LoggerInterceptor [http-nio-8091-exec-4] Handling request started with request url: /webjars/springfox-swagger-ui/images/throbber.gif
2021-08-02 18:04:35,001 INFO com.airbus.product.catelog.demo.interceptors.RequestProcessingTimeInterceptor [http-nio-8091-exec-4] Request URL::http://localhost:8091/webjars/springfox-swagger-ui/images/throbber.gif:: Start Time=1627907675001
2021-08-02 18:04:35,003 INFO com.airbus.product.catelog.demo.interceptors.LoggerInterceptor [http-nio-8091-exec-5] Handling request started with request url: /myapp/user/login
2021-08-02 18:04:35,003 INFO com.airbus.product.catelog.demo.interceptors.RequestProcessingTimeInterceptor [http-nio-8091-exec-5] Request URL::http://localhost:8091/myapp/user/login:: Start Time=1627907675003
2021-08-02 18:04:35,005 INFO com.airbus.product.catelog.demo.interceptors.RequestProcessingTimeInterceptor [http-nio-8091-exec-4] Request URL::http://localhost:8091/webjars/springfox-swagger-ui/images/throbber.gif Sent to Handler :: Current Time=1627907675005
2021-08-02 18:04:35,006 INFO com.airbus.product.catelog.demo.interceptors.RequestProcessingTimeInterceptor [http-nio-8091-exec-4] Request URL::http://localhost:8091/webjars/springfox-swagger-ui/images/throbber.gif:: End Time=1627907675006
2021-08-02 18:04:35,006 INFO com.airbus.product.catelog.demo.interceptors.RequestProcessingTimeInterceptor [http-nio-8091-exec-4] Request URL::http://localhost:8091/webjars/springfox-swagger-ui/images/throbber.gif:: Time Taken=5 ms
2021-08-02 18:04:35,030 INFO com.airbus.product.catelog.demo.controller.UserController [http-nio-8091-exec-5] Login initiated for usermamtarao9395@gmail.com
2021-08-02 18:04:35,093 INFO org.mongodb.driver.connection [http-nio-8091-exec-5] Opened connection [connectionId{localValue:3, serverValue:114}] to localhost:27017
2021-08-02 18:04:35,480 INFO com.airbus.product.catelog.demo.interceptors.RequestProcessingTimeInterceptor [http-nio-8091-exec-5] Request URL::http://localhost:8091/myapp/user/login Sent to Handler :: Current Time=1627907675480
2021-08-02 18:04:35,480 INFO com.airbus.product.catelog.demo.interceptors.RequestProcessingTimeInterceptor [http-nio-8091-exec-5] Request URL::http://localhost:8091/myapp/user/login:: End Time=1627907675480
2021-08-02 18:04:35,480 INFO com.airbus.product.catelog.demo.interceptors.RequestProcessingTimeInterceptor [http-nio-8091-exec-5] Request URL::http://localhost:8091/myapp/user/login:: Time Taken=477 ms
2021-08-02 18:05:14,073 INFO org.springframework.boot.admin.SpringApplicationAdminMXBeanRegistrar$SpringApplicationAdmin [RMI TCP Connection(12)-127.0.0.1] Application shutdown requested.
2021-08-02 18:05:14,137 INFO org.mongodb.driver.connection [RMI TCP Connection(12)-127.0.0.1] Closed connection [connectionId{localValue:3, serverValue:114}] to localhost:27017 because the pool has been closed.
